<?xml version="1.0" encoding="UTF-8"?>
<!-- Generated by org.testng.reporters.JUnitReportReporter -->
<testsuite hostname="EPINBANW01F6" failures="0" tests="3" name="maven_group.selemium_maven.tests.SubmitOrderTest" time="94.083" errors="0" timestamp="2025-04-28T16:39:12 IST" skipped="0">
  <testcase classname="maven_group.selemium_maven.tests.SubmitOrderTest" name="SubmitOrder" time="36.521"/>
  <testcase classname="maven_group.selemium_maven.tests.SubmitOrderTest" name="OrderHistoryTest" time="22.474"/>
  <testcase classname="maven_group.selemium_maven.tests.SubmitOrderTest" name="SubmitOrder" time="35.088"/>
</testsuite> <!-- maven_group.selemium_maven.tests.SubmitOrderTest -->
