<?xml version="1.0" encoding="UTF-8"?>
<!-- Generated by org.testng.reporters.JUnitReportReporter -->
<testsuite hostname="EPINBANW01F6" failures="0" tests="2" name="cucumber.TestNGTestRunner" time="61.503" errors="0" timestamp="2025-05-09T18:37:19 IST" skipped="0">
  <testcase classname="cucumber.TestNGTestRunner" name="runScenario" time="30.407"/>
  <testcase classname="cucumber.TestNGTestRunner" name="runScenario" time="31.096"/>
</testsuite> <!-- cucumber.TestNGTestRunner -->
