<?xml version="1.0" encoding="UTF-8"?>
<!-- Generated by org.testng.reporters.JUnitReportReporter -->
<testsuite hostname="EPINBANW01F6" failures="0" tests="2" name="cucumber.TestNGTestRunner" time="64.260" errors="0" timestamp="2025-05-09T20:45:28 IST" skipped="0">
  <testcase classname="cucumber.TestNGTestRunner" name="runScenario" time="32.207"/>
  <testcase classname="cucumber.TestNGTestRunner" name="runScenario" time="32.053"/>
</testsuite> <!-- cucumber.TestNGTestRunner -->
