<?xml version="1.0" encoding="UTF-8"?>
<!-- Generated by org.testng.reporters.JUnitReportReporter -->
<testsuite hostname="EPINBANW01F6" failures="0" tests="3" name="maven_group.selemium_maven.tests.SubmitOrderTest" time="68.615" errors="0" timestamp="2025-04-25T17:43:22 IST" skipped="0">
  <testcase classname="maven_group.selemium_maven.tests.SubmitOrderTest" name="OrderHistoryTest" time="3.864"/>
  <testcase classname="maven_group.selemium_maven.tests.SubmitOrderTest" name="SubmitOrder" time="34.075"/>
  <testcase classname="maven_group.selemium_maven.tests.SubmitOrderTest" name="SubmitOrder" time="30.676"/>
</testsuite> <!-- maven_group.selemium_maven.tests.SubmitOrderTest -->
